<?xml version="1.0" encoding="UTF-8"?>
<robot generator="Robot 6.0.1 (Python 3.11.1 on win32)" generated="20230303 19:35:04.169" rpa="false" schemaversion="3">
<suite id="s1" name="Test1" source="c:\Users\No Name\Desktop\Localisateurs-Web\localisateurs_web_test\test1.robot">
<test id="s1-t1" name="test1" line="7">
<kw name="Open Browser" library="SeleniumLibrary">
<arg>${URL}</arg>
<arg>${Browser}</arg>
<doc>Opens a new browser instance to the optional ``url``.</doc>
<msg timestamp="20230303 19:35:04.446" level="INFO">Opening browser 'chrome' to base url 'https://anouar02m.github.io/Localisateurs/'.</msg>
<status status="PASS" starttime="20230303 19:35:04.445" endtime="20230303 19:35:06.024"/>
</kw>
<kw name="Maximize Browser Window" library="SeleniumLibrary">
<doc>Maximizes current browser window.</doc>
<status status="PASS" starttime="20230303 19:35:06.025" endtime="20230303 19:35:06.159"/>
</kw>
<kw name="Sleep" library="BuiltIn">
<arg>2</arg>
<doc>Pauses the test executed for the given time.</doc>
<msg timestamp="20230303 19:35:08.160" level="INFO">Slept 2 seconds</msg>
<status status="PASS" starttime="20230303 19:35:06.160" endtime="20230303 19:35:08.160"/>
</kw>
<kw name="Close Browser" library="SeleniumLibrary">
<doc>Closes the current browser.</doc>
<status status="PASS" starttime="20230303 19:35:08.161" endtime="20230303 19:35:10.436"/>
</kw>
<status status="PASS" starttime="20230303 19:35:04.444" endtime="20230303 19:35:10.437"/>
</test>
<status status="PASS" starttime="20230303 19:35:04.176" endtime="20230303 19:35:10.439"/>
</suite>
<statistics>
<total>
<stat pass="1" fail="0" skip="0">All Tests</stat>
</total>
<tag>
</tag>
<suite>
<stat pass="1" fail="0" skip="0" id="s1" name="Test1">Test1</stat>
</suite>
</statistics>
<errors>
</errors>
</robot>
